INFO: kbplacer_plugin_action.py:70: Plugin version: 0.14
INFO: kbplacer_plugin_action.py:71: Python version: '3.11.5 (main, Jun 15 2025, 06:45:45) [MSC v.1942 64 bit (AMD64)]'
INFO: kbplacer_plugin_action.py:72: KiCad version: 9.0.4 with 4.2.2 msw (phoenix) wxWidgets 3.2.8
INFO: kbplacer_dialog.py:631: Language: en
INFO: kbplacer_plugin_action.py:80: GUI state: {"layout_path": "C:\\Users\\mihra\\Downloads\\keyboard-layout-big.json", "key_distance": [19.05, 19.05], "key_info": {"annotation_format": "S{}", "position_option": "Default", "position": {"x": 0.0, "y": 0.0, "orientation": 0.0, "side": "Front"}, "template_path": ""}, "enable_diode_placement": true, "route_switches_with_diodes": false, "optimize_diodes_orientation": false, "diode_info": {"annotation_format": "D{}", "position_option": "Default", "position": {"x": 5.08, "y": 3.03, "orientation": 90.0, "side": "Back"}, "template_path": ""}, "additional_elements": [{"annotation_format": "ST{}", "position_option": "Custom", "position": {"x": 0.0, "y": 0.0, "orientation": 0.0, "side": "Front"}, "template_path": ""}], "route_rows_and_columns": false, "template_path": "", "generate_outline": false, "outline_delta": 0.0}
DEBUG: key_placer.py:424: Set key 1U distance: 19050000/19050000
DEBUG: key_placer.py:141: Switches by nets: defaultdict(<class 'list'>, {frozenset({'Col16', 'Row5'}): ['S87'], frozenset({'Row5', 'Col15'}): ['S86'], frozenset({'Col14', 'Row5'}): ['S85'], frozenset({'Row5', 'Col13'}): ['S84'], frozenset({'Col12', 'Row5'}): ['S83'], frozenset({'Row5', 'Col11'}): ['S82'], frozenset({'Col10', 'Row5'}): ['S81'], frozenset({'Col6', 'Row5'}): ['S80'], frozenset({'Row5', 'Col2'}): ['S79'], frozenset({'Col1', 'Row5'}): ['S78'], frozenset({'Row5', 'Col0'}): ['S77'], frozenset({'Row4', 'Col15'}): ['S76'], frozenset({'Row4', 'Col13'}): ['S75'], frozenset({'Row4', 'Col10'}): ['S74'], frozenset({'Row4', 'Col9'}): ['S73'], frozenset({'Row4', 'Col8'}): ['S72'], frozenset({'Col7', 'Row4'}): ['S71'], frozenset({'Col6', 'Row4'}): ['S70'], frozenset({'Row4', 'Col5'}): ['S69'], frozenset({'Row4', 'Col4'}): ['S68'], frozenset({'Col3', 'Row4'}): ['S67'], frozenset({'Row4', 'Col2'}): ['S66'], frozenset({'Row4', 'Col1'}): ['S65'], frozenset({'Row4', 'Col0'}): ['S64'], frozenset({'Row3', 'Col13'}): ['S63'], frozenset({'Row3', 'Col11'}): ['S62'], frozenset({'Row3', 'Col10'}): ['S61'], frozenset({'Row3', 'Col9'}): ['S60'], frozenset({'Row3', 'Col8'}): ['S59'], frozenset({'Col7', 'Row3'}): ['S58'], frozenset({'Col6', 'Row3'}): ['S57'], frozenset({'Row3', 'Col5'}): ['S56'], frozenset({'Row3', 'Col4'}): ['S55'], frozenset({'Col3', 'Row3'}): ['S54'], frozenset({'Row3', 'Col2'}): ['S53'], frozenset({'Row3', 'Col1'}): ['S52'], frozenset({'Row3', 'Col0'}): ['S51'], frozenset({'Col16', 'Row2'}): ['S50'], frozenset({'Row2', 'Col15'}): ['S49'], frozenset({'Col14', 'Row2'}): ['S48'], frozenset({'Row2', 'Col13'}): ['S47'], frozenset({'Col12', 'Row2'}): ['S46'], frozenset({'Row2', 'Col11'}): ['S45'], frozenset({'Col10', 'Row2'}): ['S44'], frozenset({'Col9', 'Row2'}): ['S43'], frozenset({'Row2', 'Col8'}): ['S42'], frozenset({'Col7', 'Row2'}): ['S41'], frozenset({'Col6', 'Row2'}): ['S40'], frozenset({'Col5', 'Row2'}): ['S39'], frozenset({'Row2', 'Col4'}): ['S38'], frozenset({'Col3', 'Row2'}): ['S37'], frozenset({'Row2', 'Col2'}): ['S36'], frozenset({'Col1', 'Row2'}): ['S35'], frozenset({'Row2', 'Col0'}): ['S34'], frozenset({'Row1', 'Col16'}): ['S33'], frozenset({'Row1', 'Col15'}): ['S32'], frozenset({'Row1', 'Col14'}): ['S31'], frozenset({'Row1', 'Col13'}): ['S30'], frozenset({'Row1', 'Col12'}): ['S29'], frozenset({'Row1', 'Col11'}): ['S28'], frozenset({'Row1', 'Col10'}): ['S27'], frozenset({'Row1', 'Col9'}): ['S26'], frozenset({'Row1', 'Col8'}): ['S25'], frozenset({'Col7', 'Row1'}): ['S24'], frozenset({'Col6', 'Row1'}): ['S23'], frozenset({'Row1', 'Col5'}): ['S22'], frozenset({'Row1', 'Col4'}): ['S21'], frozenset({'Col3', 'Row1'}): ['S20'], frozenset({'Row1', 'Col2'}): ['S19'], frozenset({'Row1', 'Col1'}): ['S18'], frozenset({'Row1', 'Col0'}): ['S17'], frozenset({'Col16', 'Row0'}): ['S16'], frozenset({'Col15', 'Row0'}): ['S15'], frozenset({'Col14', 'Row0'}): ['S14'], frozenset({'Col13', 'Row0'}): ['S13'], frozenset({'Col12', 'Row0'}): ['S12'], frozenset({'Col11', 'Row0'}): ['S11'], frozenset({'Col9', 'Row0'}): ['S10'], frozenset({'Col8', 'Row0'}): ['S9'], frozenset({'Col7', 'Row0'}): ['S8'], frozenset({'Col6', 'Row0'}): ['S7'], frozenset({'Col5', 'Row0'}): ['S6'], frozenset({'Col4', 'Row0'}): ['S5'], frozenset({'Col3', 'Row0'}): ['S4'], frozenset({'Col2', 'Row0'}): ['S3'], frozenset({'Col1', 'Row0'}): ['S2'], frozenset({'Col0', 'Row0'}): ['S1']})
DEBUG: key_placer.py:145: Diodes by switch: {'S87': ['D87'], 'S86': ['D86'], 'S85': ['D85'], 'S84': ['D84'], 'S83': ['D83'], 'S82': ['D82'], 'S81': ['D81'], 'S80': ['D80'], 'S79': ['D79'], 'S78': ['D78'], 'S77': ['D77'], 'S76': ['D76'], 'S75': ['D75'], 'S74': ['D74'], 'S73': ['D73'], 'S72': ['D72'], 'S71': ['D71'], 'S70': ['D70'], 'S69': ['D69'], 'S68': ['D68'], 'S67': ['D67'], 'S66': ['D66'], 'S65': ['D65'], 'S64': ['D64'], 'S63': ['D63'], 'S62': ['D62'], 'S61': ['D61'], 'S60': ['D60'], 'S59': ['D59'], 'S58': ['D58'], 'S57': ['D57'], 'S56': ['D56'], 'S55': ['D55'], 'S54': ['D54'], 'S53': ['D53'], 'S52': ['D52'], 'S51': ['D51'], 'S50': ['D50'], 'S49': ['D49'], 'S48': ['D48'], 'S47': ['D47'], 'S46': ['D46'], 'S45': ['D45'], 'S44': ['D44'], 'S43': ['D43'], 'S42': ['D42'], 'S41': ['D41'], 'S40': ['D40'], 'S39': ['D39'], 'S38': ['D38'], 'S37': ['D37'], 'S36': ['D36'], 'S35': ['D35'], 'S34': ['D34'], 'S33': ['D33'], 'S32': ['D32'], 'S31': ['D31'], 'S30': ['D30'], 'S29': ['D29'], 'S28': ['D28'], 'S27': ['D27'], 'S26': ['D26'], 'S25': ['D25'], 'S24': ['D24'], 'S23': ['D23'], 'S22': ['D22'], 'S21': ['D21'], 'S20': ['D20'], 'S19': ['D19'], 'S18': ['D18'], 'S17': ['D17'], 'S16': ['D16'], 'S15': ['D15'], 'S14': ['D14'], 'S13': ['D13'], 'S12': ['D12'], 'S11': ['D11'], 'S10': ['D10'], 'S9': ['D9'], 'S8': ['D8'], 'S7': ['D7'], 'S6': ['D6'], 'S5': ['D5'], 'S4': ['D4'], 'S3': ['D3'], 'S2': ['D2'], 'S1': ['D1']}
INFO: kle_serial.py:931: User layout: [['Esc', {'x': 1}, 'F1', 'F2', 'F3', 'F4', {'x': 0.5}, 'F5', 'F6', 'F7', 'F8', {'x': 0.5}, 'F9', 'F10', 'F11', 'F12', {'x': 0.25}, 'Print\nScreen', 'Scroll\nLock', 'Pause\nBreak'], [{'y': 0.5}, '~\n`', '!\n1', '@\n2', '#\n3', '$\n4', '%\n5', '^\n6', '&\n7', '*\n8', '(\n9', ')\n0', '_\n-', '+\n=', {'w': 2}, 'Backspace', {'x': 0.25}, 'Insert', 'Home', 'Page\nUp'], [{'w': 1.5}, 'Tab', 'Q', 'W', 'E', 'R', 'T', 'Y', 'U', 'I', 'O', 'P', '{\n[', '}\n]', {'w': 1.5}, '|\n\\', {'x': 0.25}, 'Delete', 'End', 'Page\nDown'], [{'w': 1.75}, 'Caps Lock', 'A', 'S', 'D', 'F', 'G', 'H', 'J', 'K', 'L', ':\n;', '"\n\'', {'w': 2.25}, 'Enter'], [{'w': 2.25}, 'Shift', 'Z', 'X', 'C', 'V', 'B', 'N', 'M', '<\n,', '>\n.', '?\n/', {'w': 2.75}, 'Shift', {'x': 1.25}, '↑'], [{'w': 1.25}, 'Ctrl', {'w': 1.25}, 'Win', {'w': 1.25}, 'Alt', {'w': 6.25}, 'Space', {'w': 1.25}, 'Alt', {'w': 1.25}, 'Win', {'w': 1.25}, 'Menu', {'w': 1.25}, 'Ctrl', {'x': 0.25}, '←', '↓', '→']]
DEBUG: key_placer.py:724: Layout offset: (28575000, 28575000)
DEBUG: kle_serial.py:990: Layout with: x_ortholinear_keys=28, y_ortholinear_keys=16, rotated_keys=0, encoders=0, iso_enters=0 and unrecognized_shape_keys=0
DEBUG: kle_serial.py:1015: Layout tagged: [<KeyboardTag.ROW_STAGGERED: 2>]
DEBUG: board_modifier.py:94: Setting S1 footprint position: (38100000, 38100000)
DEBUG: board_modifier.py:94: Setting S2 footprint position: (76200000, 38100000)
DEBUG: board_modifier.py:94: Setting S3 footprint position: (95250000, 38100000)
DEBUG: board_modifier.py:94: Setting S4 footprint position: (114300000, 38100000)
DEBUG: board_modifier.py:94: Setting S5 footprint position: (133350000, 38100000)
DEBUG: board_modifier.py:94: Setting S6 footprint position: (161925000, 38100000)
DEBUG: board_modifier.py:94: Setting S7 footprint position: (180975000, 38100000)
DEBUG: board_modifier.py:94: Setting S8 footprint position: (200025000, 38100000)
DEBUG: board_modifier.py:94: Setting S9 footprint position: (219075000, 38100000)
DEBUG: board_modifier.py:94: Setting S10 footprint position: (247650000, 38100000)
DEBUG: board_modifier.py:94: Setting S11 footprint position: (266700000, 38100000)
DEBUG: board_modifier.py:94: Setting S12 footprint position: (285750000, 38100000)
DEBUG: board_modifier.py:94: Setting S13 footprint position: (304800000, 38100000)
DEBUG: board_modifier.py:94: Setting S14 footprint position: (328612500, 38100000)
DEBUG: board_modifier.py:94: Setting S15 footprint position: (347662500, 38100000)
DEBUG: board_modifier.py:94: Setting S16 footprint position: (366712500, 38100000)
DEBUG: board_modifier.py:94: Setting S17 footprint position: (38100000, 66675000)
DEBUG: board_modifier.py:94: Setting S18 footprint position: (57150000, 66675000)
DEBUG: board_modifier.py:94: Setting S19 footprint position: (76200000, 66675000)
DEBUG: board_modifier.py:94: Setting S20 footprint position: (95250000, 66675000)
DEBUG: board_modifier.py:94: Setting S21 footprint position: (114300000, 66675000)
DEBUG: board_modifier.py:94: Setting S22 footprint position: (133350000, 66675000)
DEBUG: board_modifier.py:94: Setting S23 footprint position: (152400000, 66675000)
DEBUG: board_modifier.py:94: Setting S24 footprint position: (171450000, 66675000)
DEBUG: board_modifier.py:94: Setting S25 footprint position: (190500000, 66675000)
DEBUG: board_modifier.py:94: Setting S26 footprint position: (209550000, 66675000)
DEBUG: board_modifier.py:94: Setting S27 footprint position: (228600000, 66675000)
DEBUG: board_modifier.py:94: Setting S28 footprint position: (247650000, 66675000)
DEBUG: board_modifier.py:94: Setting S29 footprint position: (266700000, 66675000)
DEBUG: board_modifier.py:94: Setting S30 footprint position: (295275000, 66675000)
DEBUG: board_modifier.py:94: Setting S31 footprint position: (328612500, 66675000)
DEBUG: board_modifier.py:94: Setting S32 footprint position: (347662500, 66675000)
DEBUG: board_modifier.py:94: Setting S33 footprint position: (366712500, 66675000)
DEBUG: board_modifier.py:94: Setting S34 footprint position: (42862500, 85725000)
DEBUG: board_modifier.py:94: Setting S35 footprint position: (66675000, 85725000)
DEBUG: board_modifier.py:94: Setting S36 footprint position: (85725000, 85725000)
DEBUG: board_modifier.py:94: Setting S37 footprint position: (104775000, 85725000)
DEBUG: board_modifier.py:94: Setting S38 footprint position: (123825000, 85725000)
DEBUG: board_modifier.py:94: Setting S39 footprint position: (142875000, 85725000)
DEBUG: board_modifier.py:94: Setting S40 footprint position: (161925000, 85725000)
DEBUG: board_modifier.py:94: Setting S41 footprint position: (180975000, 85725000)
DEBUG: board_modifier.py:94: Setting S42 footprint position: (200025000, 85725000)
DEBUG: board_modifier.py:94: Setting S43 footprint position: (219075000, 85725000)
DEBUG: board_modifier.py:94: Setting S44 footprint position: (238125000, 85725000)
DEBUG: board_modifier.py:94: Setting S45 footprint position: (257175000, 85725000)
DEBUG: board_modifier.py:94: Setting S46 footprint position: (276225000, 85725000)
DEBUG: board_modifier.py:94: Setting S47 footprint position: (300037500, 85725000)
DEBUG: board_modifier.py:94: Setting S48 footprint position: (328612500, 85725000)
DEBUG: board_modifier.py:94: Setting S49 footprint position: (347662500, 85725000)
DEBUG: board_modifier.py:94: Setting S50 footprint position: (366712500, 85725000)
DEBUG: board_modifier.py:94: Setting S51 footprint position: (45243750, 104775000)
DEBUG: board_modifier.py:94: Setting S52 footprint position: (71437500, 104775000)
DEBUG: board_modifier.py:94: Setting S53 footprint position: (90487500, 104775000)
DEBUG: board_modifier.py:94: Setting S54 footprint position: (109537500, 104775000)
DEBUG: board_modifier.py:94: Setting S55 footprint position: (128587500, 104775000)
DEBUG: board_modifier.py:94: Setting S56 footprint position: (147637500, 104775000)
DEBUG: board_modifier.py:94: Setting S57 footprint position: (166687500, 104775000)
DEBUG: board_modifier.py:94: Setting S58 footprint position: (185737500, 104775000)
DEBUG: board_modifier.py:94: Setting S59 footprint position: (204787500, 104775000)
DEBUG: board_modifier.py:94: Setting S60 footprint position: (223837500, 104775000)
DEBUG: board_modifier.py:94: Setting S61 footprint position: (242887500, 104775000)
DEBUG: board_modifier.py:94: Setting S62 footprint position: (261937500, 104775000)
DEBUG: board_modifier.py:94: Setting S63 footprint position: (292893750, 104775000)
DEBUG: board_modifier.py:94: Setting S64 footprint position: (50006250, 123825000)
DEBUG: board_modifier.py:94: Setting S65 footprint position: (80962500, 123825000)
DEBUG: board_modifier.py:94: Setting S66 footprint position: (100012500, 123825000)
DEBUG: board_modifier.py:94: Setting S67 footprint position: (119062500, 123825000)
DEBUG: board_modifier.py:94: Setting S68 footprint position: (138112500, 123825000)
DEBUG: board_modifier.py:94: Setting S69 footprint position: (157162500, 123825000)
DEBUG: board_modifier.py:94: Setting S70 footprint position: (176212500, 123825000)
DEBUG: board_modifier.py:94: Setting S71 footprint position: (195262500, 123825000)
DEBUG: board_modifier.py:94: Setting S72 footprint position: (214312500, 123825000)
DEBUG: board_modifier.py:94: Setting S73 footprint position: (233362500, 123825000)
DEBUG: board_modifier.py:94: Setting S74 footprint position: (252412500, 123825000)
DEBUG: board_modifier.py:94: Setting S75 footprint position: (288131250, 123825000)
DEBUG: board_modifier.py:94: Setting S76 footprint position: (347662500, 123825000)
DEBUG: board_modifier.py:94: Setting S77 footprint position: (40481250, 142875000)
DEBUG: board_modifier.py:94: Setting S78 footprint position: (64293750, 142875000)
DEBUG: board_modifier.py:94: Setting S79 footprint position: (88106250, 142875000)
DEBUG: board_modifier.py:94: Setting S80 footprint position: (159543750, 142875000)
DEBUG: board_modifier.py:94: Setting S81 footprint position: (230981250, 142875000)
DEBUG: board_modifier.py:94: Setting S82 footprint position: (254793750, 142875000)
DEBUG: board_modifier.py:94: Setting S83 footprint position: (278606250, 142875000)
DEBUG: board_modifier.py:94: Setting S84 footprint position: (302418750, 142875000)
DEBUG: board_modifier.py:94: Setting S85 footprint position: (328612500, 142875000)
DEBUG: board_modifier.py:94: Setting S86 footprint position: (347662500, 142875000)
DEBUG: board_modifier.py:94: Setting S87 footprint position: (366712500, 142875000)
INFO: key_placer.py:1078: Diode info: [ElementInfo(annotation_format='D{}', position_option=<PositionOption.DEFAULT: 'Default'>, position=ElementPosition(x=5.08, y=3.03, orientation=90.0, side=<Side.BACK: 'Back'>), template_path='')]
DEBUG: board_modifier.py:107: Getting S1 footprint position: (38100000, 38100000)
DEBUG: board_modifier.py:94: Setting D1 footprint position: (43180000, 41130000)
DEBUG: board_modifier.py:107: Getting S2 footprint position: (76200000, 38100000)
DEBUG: board_modifier.py:94: Setting D2 footprint position: (81280000, 41130000)
DEBUG: board_modifier.py:107: Getting S3 footprint position: (95250000, 38100000)
DEBUG: board_modifier.py:94: Setting D3 footprint position: (100330000, 41130000)
DEBUG: board_modifier.py:107: Getting S4 footprint position: (114300000, 38100000)
DEBUG: board_modifier.py:94: Setting D4 footprint position: (119380000, 41130000)
DEBUG: board_modifier.py:107: Getting S5 footprint position: (133350000, 38100000)
DEBUG: board_modifier.py:94: Setting D5 footprint position: (138430000, 41130000)
DEBUG: board_modifier.py:107: Getting S6 footprint position: (161925000, 38100000)
DEBUG: board_modifier.py:94: Setting D6 footprint position: (167005000, 41130000)
DEBUG: board_modifier.py:107: Getting S7 footprint position: (180975000, 38100000)
DEBUG: board_modifier.py:94: Setting D7 footprint position: (186055000, 41130000)
DEBUG: board_modifier.py:107: Getting S8 footprint position: (200025000, 38100000)
DEBUG: board_modifier.py:94: Setting D8 footprint position: (205105000, 41130000)
DEBUG: board_modifier.py:107: Getting S9 footprint position: (219075000, 38100000)
DEBUG: board_modifier.py:94: Setting D9 footprint position: (224155000, 41130000)
DEBUG: board_modifier.py:107: Getting S10 footprint position: (247650000, 38100000)
DEBUG: board_modifier.py:94: Setting D10 footprint position: (252730000, 41130000)
DEBUG: board_modifier.py:107: Getting S11 footprint position: (266700000, 38100000)
DEBUG: board_modifier.py:94: Setting D11 footprint position: (271780000, 41130000)
DEBUG: board_modifier.py:107: Getting S12 footprint position: (285750000, 38100000)
DEBUG: board_modifier.py:94: Setting D12 footprint position: (290830000, 41130000)
DEBUG: board_modifier.py:107: Getting S13 footprint position: (304800000, 38100000)
DEBUG: board_modifier.py:94: Setting D13 footprint position: (309880000, 41130000)
DEBUG: board_modifier.py:107: Getting S14 footprint position: (328612500, 38100000)
DEBUG: board_modifier.py:94: Setting D14 footprint position: (333692500, 41130000)
DEBUG: board_modifier.py:107: Getting S15 footprint position: (347662500, 38100000)
DEBUG: board_modifier.py:94: Setting D15 footprint position: (352742500, 41130000)
DEBUG: board_modifier.py:107: Getting S16 footprint position: (366712500, 38100000)
DEBUG: board_modifier.py:94: Setting D16 footprint position: (371792500, 41130000)
DEBUG: board_modifier.py:107: Getting S17 footprint position: (38100000, 66675000)
DEBUG: board_modifier.py:94: Setting D17 footprint position: (43180000, 69705000)
DEBUG: board_modifier.py:107: Getting S18 footprint position: (57150000, 66675000)
DEBUG: board_modifier.py:94: Setting D18 footprint position: (62230000, 69705000)
DEBUG: board_modifier.py:107: Getting S19 footprint position: (76200000, 66675000)
DEBUG: board_modifier.py:94: Setting D19 footprint position: (81280000, 69705000)
DEBUG: board_modifier.py:107: Getting S20 footprint position: (95250000, 66675000)
DEBUG: board_modifier.py:94: Setting D20 footprint position: (100330000, 69705000)
DEBUG: board_modifier.py:107: Getting S21 footprint position: (114300000, 66675000)
DEBUG: board_modifier.py:94: Setting D21 footprint position: (119380000, 69705000)
DEBUG: board_modifier.py:107: Getting S22 footprint position: (133350000, 66675000)
DEBUG: board_modifier.py:94: Setting D22 footprint position: (138430000, 69705000)
DEBUG: board_modifier.py:107: Getting S23 footprint position: (152400000, 66675000)
DEBUG: board_modifier.py:94: Setting D23 footprint position: (157480000, 69705000)
DEBUG: board_modifier.py:107: Getting S24 footprint position: (171450000, 66675000)
DEBUG: board_modifier.py:94: Setting D24 footprint position: (176530000, 69705000)
DEBUG: board_modifier.py:107: Getting S25 footprint position: (190500000, 66675000)
DEBUG: board_modifier.py:94: Setting D25 footprint position: (195580000, 69705000)
DEBUG: board_modifier.py:107: Getting S26 footprint position: (209550000, 66675000)
DEBUG: board_modifier.py:94: Setting D26 footprint position: (214630000, 69705000)
DEBUG: board_modifier.py:107: Getting S27 footprint position: (228600000, 66675000)
DEBUG: board_modifier.py:94: Setting D27 footprint position: (233680000, 69705000)
DEBUG: board_modifier.py:107: Getting S28 footprint position: (247650000, 66675000)
DEBUG: board_modifier.py:94: Setting D28 footprint position: (252730000, 69705000)
DEBUG: board_modifier.py:107: Getting S29 footprint position: (266700000, 66675000)
DEBUG: board_modifier.py:94: Setting D29 footprint position: (271780000, 69705000)
DEBUG: board_modifier.py:107: Getting S30 footprint position: (295275000, 66675000)
DEBUG: board_modifier.py:94: Setting D30 footprint position: (300355000, 69705000)
DEBUG: board_modifier.py:107: Getting S31 footprint position: (328612500, 66675000)
DEBUG: board_modifier.py:94: Setting D31 footprint position: (333692500, 69705000)
DEBUG: board_modifier.py:107: Getting S32 footprint position: (347662500, 66675000)
DEBUG: board_modifier.py:94: Setting D32 footprint position: (352742500, 69705000)
DEBUG: board_modifier.py:107: Getting S33 footprint position: (366712500, 66675000)
DEBUG: board_modifier.py:94: Setting D33 footprint position: (371792500, 69705000)
DEBUG: board_modifier.py:107: Getting S34 footprint position: (42862500, 85725000)
DEBUG: board_modifier.py:94: Setting D34 footprint position: (47942500, 88755000)
DEBUG: board_modifier.py:107: Getting S35 footprint position: (66675000, 85725000)
DEBUG: board_modifier.py:94: Setting D35 footprint position: (71755000, 88755000)
DEBUG: board_modifier.py:107: Getting S36 footprint position: (85725000, 85725000)
DEBUG: board_modifier.py:94: Setting D36 footprint position: (90805000, 88755000)
DEBUG: board_modifier.py:107: Getting S37 footprint position: (104775000, 85725000)
DEBUG: board_modifier.py:94: Setting D37 footprint position: (109855000, 88755000)
DEBUG: board_modifier.py:107: Getting S38 footprint position: (123825000, 85725000)
DEBUG: board_modifier.py:94: Setting D38 footprint position: (128905000, 88755000)
DEBUG: board_modifier.py:107: Getting S39 footprint position: (142875000, 85725000)
DEBUG: board_modifier.py:94: Setting D39 footprint position: (147955000, 88755000)
DEBUG: board_modifier.py:107: Getting S40 footprint position: (161925000, 85725000)
DEBUG: board_modifier.py:94: Setting D40 footprint position: (167005000, 88755000)
DEBUG: board_modifier.py:107: Getting S41 footprint position: (180975000, 85725000)
DEBUG: board_modifier.py:94: Setting D41 footprint position: (186055000, 88755000)
DEBUG: board_modifier.py:107: Getting S42 footprint position: (200025000, 85725000)
DEBUG: board_modifier.py:94: Setting D42 footprint position: (205105000, 88755000)
DEBUG: board_modifier.py:107: Getting S43 footprint position: (219075000, 85725000)
DEBUG: board_modifier.py:94: Setting D43 footprint position: (224155000, 88755000)
DEBUG: board_modifier.py:107: Getting S44 footprint position: (238125000, 85725000)
DEBUG: board_modifier.py:94: Setting D44 footprint position: (243205000, 88755000)
DEBUG: board_modifier.py:107: Getting S45 footprint position: (257175000, 85725000)
DEBUG: board_modifier.py:94: Setting D45 footprint position: (262255000, 88755000)
DEBUG: board_modifier.py:107: Getting S46 footprint position: (276225000, 85725000)
DEBUG: board_modifier.py:94: Setting D46 footprint position: (281305000, 88755000)
DEBUG: board_modifier.py:107: Getting S47 footprint position: (300037500, 85725000)
DEBUG: board_modifier.py:94: Setting D47 footprint position: (305117500, 88755000)
DEBUG: board_modifier.py:107: Getting S48 footprint position: (328612500, 85725000)
DEBUG: board_modifier.py:94: Setting D48 footprint position: (333692500, 88755000)
DEBUG: board_modifier.py:107: Getting S49 footprint position: (347662500, 85725000)
DEBUG: board_modifier.py:94: Setting D49 footprint position: (352742500, 88755000)
DEBUG: board_modifier.py:107: Getting S50 footprint position: (366712500, 85725000)
DEBUG: board_modifier.py:94: Setting D50 footprint position: (371792500, 88755000)
DEBUG: board_modifier.py:107: Getting S51 footprint position: (45243750, 104775000)
DEBUG: board_modifier.py:94: Setting D51 footprint position: (50323750, 107805000)
DEBUG: board_modifier.py:107: Getting S52 footprint position: (71437500, 104775000)
DEBUG: board_modifier.py:94: Setting D52 footprint position: (76517500, 107805000)
DEBUG: board_modifier.py:107: Getting S53 footprint position: (90487500, 104775000)
DEBUG: board_modifier.py:94: Setting D53 footprint position: (95567500, 107805000)
DEBUG: board_modifier.py:107: Getting S54 footprint position: (109537500, 104775000)
DEBUG: board_modifier.py:94: Setting D54 footprint position: (114617500, 107805000)
DEBUG: board_modifier.py:107: Getting S55 footprint position: (128587500, 104775000)
DEBUG: board_modifier.py:94: Setting D55 footprint position: (133667500, 107805000)
DEBUG: board_modifier.py:107: Getting S56 footprint position: (147637500, 104775000)
DEBUG: board_modifier.py:94: Setting D56 footprint position: (152717500, 107805000)
DEBUG: board_modifier.py:107: Getting S57 footprint position: (166687500, 104775000)
DEBUG: board_modifier.py:94: Setting D57 footprint position: (171767500, 107805000)
DEBUG: board_modifier.py:107: Getting S58 footprint position: (185737500, 104775000)
DEBUG: board_modifier.py:94: Setting D58 footprint position: (190817500, 107805000)
DEBUG: board_modifier.py:107: Getting S59 footprint position: (204787500, 104775000)
DEBUG: board_modifier.py:94: Setting D59 footprint position: (209867500, 107805000)
DEBUG: board_modifier.py:107: Getting S60 footprint position: (223837500, 104775000)
DEBUG: board_modifier.py:94: Setting D60 footprint position: (228917500, 107805000)
DEBUG: board_modifier.py:107: Getting S61 footprint position: (242887500, 104775000)
DEBUG: board_modifier.py:94: Setting D61 footprint position: (247967500, 107805000)
DEBUG: board_modifier.py:107: Getting S62 footprint position: (261937500, 104775000)
DEBUG: board_modifier.py:94: Setting D62 footprint position: (267017500, 107805000)
DEBUG: board_modifier.py:107: Getting S63 footprint position: (292893750, 104775000)
DEBUG: board_modifier.py:94: Setting D63 footprint position: (297973750, 107805000)
DEBUG: board_modifier.py:107: Getting S64 footprint position: (50006250, 123825000)
DEBUG: board_modifier.py:94: Setting D64 footprint position: (55086250, 126855000)
DEBUG: board_modifier.py:107: Getting S65 footprint position: (80962500, 123825000)
DEBUG: board_modifier.py:94: Setting D65 footprint position: (86042500, 126855000)
DEBUG: board_modifier.py:107: Getting S66 footprint position: (100012500, 123825000)
DEBUG: board_modifier.py:94: Setting D66 footprint position: (105092500, 126855000)
DEBUG: board_modifier.py:107: Getting S67 footprint position: (119062500, 123825000)
DEBUG: board_modifier.py:94: Setting D67 footprint position: (124142500, 126855000)
DEBUG: board_modifier.py:107: Getting S68 footprint position: (138112500, 123825000)
DEBUG: board_modifier.py:94: Setting D68 footprint position: (143192500, 126855000)
DEBUG: board_modifier.py:107: Getting S69 footprint position: (157162500, 123825000)
DEBUG: board_modifier.py:94: Setting D69 footprint position: (162242500, 126855000)
DEBUG: board_modifier.py:107: Getting S70 footprint position: (176212500, 123825000)
DEBUG: board_modifier.py:94: Setting D70 footprint position: (181292500, 126855000)
DEBUG: board_modifier.py:107: Getting S71 footprint position: (195262500, 123825000)
DEBUG: board_modifier.py:94: Setting D71 footprint position: (200342500, 126855000)
DEBUG: board_modifier.py:107: Getting S72 footprint position: (214312500, 123825000)
DEBUG: board_modifier.py:94: Setting D72 footprint position: (219392500, 126855000)
DEBUG: board_modifier.py:107: Getting S73 footprint position: (233362500, 123825000)
DEBUG: board_modifier.py:94: Setting D73 footprint position: (238442500, 126855000)
DEBUG: board_modifier.py:107: Getting S74 footprint position: (252412500, 123825000)
DEBUG: board_modifier.py:94: Setting D74 footprint position: (257492500, 126855000)
DEBUG: board_modifier.py:107: Getting S75 footprint position: (288131250, 123825000)
DEBUG: board_modifier.py:94: Setting D75 footprint position: (293211250, 126855000)
DEBUG: board_modifier.py:107: Getting S76 footprint position: (347662500, 123825000)
DEBUG: board_modifier.py:94: Setting D76 footprint position: (352742500, 126855000)
DEBUG: board_modifier.py:107: Getting S77 footprint position: (40481250, 142875000)
DEBUG: board_modifier.py:94: Setting D77 footprint position: (45561250, 145905000)
DEBUG: board_modifier.py:107: Getting S78 footprint position: (64293750, 142875000)
DEBUG: board_modifier.py:94: Setting D78 footprint position: (69373750, 145905000)
DEBUG: board_modifier.py:107: Getting S79 footprint position: (88106250, 142875000)
DEBUG: board_modifier.py:94: Setting D79 footprint position: (93186250, 145905000)
DEBUG: board_modifier.py:107: Getting S80 footprint position: (159543750, 142875000)
DEBUG: board_modifier.py:94: Setting D80 footprint position: (164623750, 145905000)
DEBUG: board_modifier.py:107: Getting S81 footprint position: (230981250, 142875000)
DEBUG: board_modifier.py:94: Setting D81 footprint position: (236061250, 145905000)
DEBUG: board_modifier.py:107: Getting S82 footprint position: (254793750, 142875000)
DEBUG: board_modifier.py:94: Setting D82 footprint position: (259873750, 145905000)
DEBUG: board_modifier.py:107: Getting S83 footprint position: (278606250, 142875000)
DEBUG: board_modifier.py:94: Setting D83 footprint position: (283686250, 145905000)
DEBUG: board_modifier.py:107: Getting S84 footprint position: (302418750, 142875000)
DEBUG: board_modifier.py:94: Setting D84 footprint position: (307498750, 145905000)
DEBUG: board_modifier.py:107: Getting S85 footprint position: (328612500, 142875000)
DEBUG: board_modifier.py:94: Setting D85 footprint position: (333692500, 145905000)
DEBUG: board_modifier.py:107: Getting S86 footprint position: (347662500, 142875000)
DEBUG: board_modifier.py:94: Setting D86 footprint position: (352742500, 145905000)
DEBUG: board_modifier.py:107: Getting S87 footprint position: (366712500, 142875000)
DEBUG: board_modifier.py:94: Setting D87 footprint position: (371792500, 145905000)
DEBUG: key_placer.py:854: Placing additional elements for S87
DEBUG: board_modifier.py:107: Getting S87 footprint position: (366712500, 142875000)
DEBUG: board_modifier.py:84: Searching for optional ST87 footprint in C:\Users\mihra\OneDrive\Documents\KBoard\KBoard.kicad_pcb
DEBUG: board_modifier.py:89: Footprint not found
DEBUG: key_placer.py:854: Placing additional elements for S86
DEBUG: board_modifier.py:107: Getting S86 footprint position: (347662500, 142875000)
DEBUG: board_modifier.py:84: Searching for optional ST86 footprint in C:\Users\mihra\OneDrive\Documents\KBoard\KBoard.kicad_pcb
DEBUG: board_modifier.py:89: Footprint not found
DEBUG: key_placer.py:854: Placing additional elements for S85
DEBUG: board_modifier.py:107: Getting S85 footprint position: (328612500, 142875000)
DEBUG: board_modifier.py:84: Searching for optional ST85 footprint in C:\Users\mihra\OneDrive\Documents\KBoard\KBoard.kicad_pcb
DEBUG: board_modifier.py:89: Footprint not found
DEBUG: key_placer.py:854: Placing additional elements for S84
DEBUG: board_modifier.py:107: Getting S84 footprint position: (302418750, 142875000)
DEBUG: board_modifier.py:84: Searching for optional ST84 footprint in C:\Users\mihra\OneDrive\Documents\KBoard\KBoard.kicad_pcb
DEBUG: board_modifier.py:89: Footprint not found
DEBUG: key_placer.py:854: Placing additional elements for S83
DEBUG: board_modifier.py:107: Getting S83 footprint position: (278606250, 142875000)
DEBUG: board_modifier.py:84: Searching for optional ST83 footprint in C:\Users\mihra\OneDrive\Documents\KBoard\KBoard.kicad_pcb
DEBUG: board_modifier.py:89: Footprint not found
DEBUG: key_placer.py:854: Placing additional elements for S82
DEBUG: board_modifier.py:107: Getting S82 footprint position: (254793750, 142875000)
DEBUG: board_modifier.py:84: Searching for optional ST82 footprint in C:\Users\mihra\OneDrive\Documents\KBoard\KBoard.kicad_pcb
DEBUG: board_modifier.py:89: Footprint not found
DEBUG: key_placer.py:854: Placing additional elements for S81
DEBUG: board_modifier.py:107: Getting S81 footprint position: (230981250, 142875000)
DEBUG: board_modifier.py:84: Searching for optional ST81 footprint in C:\Users\mihra\OneDrive\Documents\KBoard\KBoard.kicad_pcb
DEBUG: board_modifier.py:89: Footprint not found
DEBUG: key_placer.py:854: Placing additional elements for S80
DEBUG: board_modifier.py:107: Getting S80 footprint position: (159543750, 142875000)
DEBUG: board_modifier.py:84: Searching for optional ST80 footprint in C:\Users\mihra\OneDrive\Documents\KBoard\KBoard.kicad_pcb
DEBUG: board_modifier.py:89: Footprint not found
DEBUG: key_placer.py:854: Placing additional elements for S79
DEBUG: board_modifier.py:107: Getting S79 footprint position: (88106250, 142875000)
DEBUG: board_modifier.py:84: Searching for optional ST79 footprint in C:\Users\mihra\OneDrive\Documents\KBoard\KBoard.kicad_pcb
DEBUG: board_modifier.py:89: Footprint not found
DEBUG: key_placer.py:854: Placing additional elements for S78
DEBUG: board_modifier.py:107: Getting S78 footprint position: (64293750, 142875000)
DEBUG: board_modifier.py:84: Searching for optional ST78 footprint in C:\Users\mihra\OneDrive\Documents\KBoard\KBoard.kicad_pcb
DEBUG: board_modifier.py:89: Footprint not found
DEBUG: key_placer.py:854: Placing additional elements for S77
DEBUG: board_modifier.py:107: Getting S77 footprint position: (40481250, 142875000)
DEBUG: board_modifier.py:84: Searching for optional ST77 footprint in C:\Users\mihra\OneDrive\Documents\KBoard\KBoard.kicad_pcb
DEBUG: board_modifier.py:89: Footprint not found
DEBUG: key_placer.py:854: Placing additional elements for S76
DEBUG: board_modifier.py:107: Getting S76 footprint position: (347662500, 123825000)
DEBUG: board_modifier.py:84: Searching for optional ST76 footprint in C:\Users\mihra\OneDrive\Documents\KBoard\KBoard.kicad_pcb
DEBUG: board_modifier.py:89: Footprint not found
DEBUG: key_placer.py:854: Placing additional elements for S75
DEBUG: board_modifier.py:107: Getting S75 footprint position: (288131250, 123825000)
DEBUG: board_modifier.py:84: Searching for optional ST75 footprint in C:\Users\mihra\OneDrive\Documents\KBoard\KBoard.kicad_pcb
DEBUG: board_modifier.py:89: Footprint not found
DEBUG: key_placer.py:854: Placing additional elements for S74
DEBUG: board_modifier.py:107: Getting S74 footprint position: (252412500, 123825000)
DEBUG: board_modifier.py:84: Searching for optional ST74 footprint in C:\Users\mihra\OneDrive\Documents\KBoard\KBoard.kicad_pcb
DEBUG: board_modifier.py:89: Footprint not found
DEBUG: key_placer.py:854: Placing additional elements for S73
DEBUG: board_modifier.py:107: Getting S73 footprint position: (233362500, 123825000)
DEBUG: board_modifier.py:84: Searching for optional ST73 footprint in C:\Users\mihra\OneDrive\Documents\KBoard\KBoard.kicad_pcb
DEBUG: board_modifier.py:89: Footprint not found
DEBUG: key_placer.py:854: Placing additional elements for S72
DEBUG: board_modifier.py:107: Getting S72 footprint position: (214312500, 123825000)
DEBUG: board_modifier.py:84: Searching for optional ST72 footprint in C:\Users\mihra\OneDrive\Documents\KBoard\KBoard.kicad_pcb
DEBUG: board_modifier.py:89: Footprint not found
DEBUG: key_placer.py:854: Placing additional elements for S71
DEBUG: board_modifier.py:107: Getting S71 footprint position: (195262500, 123825000)
DEBUG: board_modifier.py:84: Searching for optional ST71 footprint in C:\Users\mihra\OneDrive\Documents\KBoard\KBoard.kicad_pcb
DEBUG: board_modifier.py:89: Footprint not found
DEBUG: key_placer.py:854: Placing additional elements for S70
DEBUG: board_modifier.py:107: Getting S70 footprint position: (176212500, 123825000)
DEBUG: board_modifier.py:84: Searching for optional ST70 footprint in C:\Users\mihra\OneDrive\Documents\KBoard\KBoard.kicad_pcb
DEBUG: board_modifier.py:89: Footprint not found
DEBUG: key_placer.py:854: Placing additional elements for S69
DEBUG: board_modifier.py:107: Getting S69 footprint position: (157162500, 123825000)
DEBUG: board_modifier.py:84: Searching for optional ST69 footprint in C:\Users\mihra\OneDrive\Documents\KBoard\KBoard.kicad_pcb
DEBUG: board_modifier.py:89: Footprint not found
DEBUG: key_placer.py:854: Placing additional elements for S68
DEBUG: board_modifier.py:107: Getting S68 footprint position: (138112500, 123825000)
DEBUG: board_modifier.py:84: Searching for optional ST68 footprint in C:\Users\mihra\OneDrive\Documents\KBoard\KBoard.kicad_pcb
DEBUG: board_modifier.py:89: Footprint not found
DEBUG: key_placer.py:854: Placing additional elements for S67
DEBUG: board_modifier.py:107: Getting S67 footprint position: (119062500, 123825000)
DEBUG: board_modifier.py:84: Searching for optional ST67 footprint in C:\Users\mihra\OneDrive\Documents\KBoard\KBoard.kicad_pcb
DEBUG: board_modifier.py:89: Footprint not found
DEBUG: key_placer.py:854: Placing additional elements for S66
DEBUG: board_modifier.py:107: Getting S66 footprint position: (100012500, 123825000)
DEBUG: board_modifier.py:84: Searching for optional ST66 footprint in C:\Users\mihra\OneDrive\Documents\KBoard\KBoard.kicad_pcb
DEBUG: board_modifier.py:89: Footprint not found
DEBUG: key_placer.py:854: Placing additional elements for S65
DEBUG: board_modifier.py:107: Getting S65 footprint position: (80962500, 123825000)
DEBUG: board_modifier.py:84: Searching for optional ST65 footprint in C:\Users\mihra\OneDrive\Documents\KBoard\KBoard.kicad_pcb
DEBUG: board_modifier.py:89: Footprint not found
DEBUG: key_placer.py:854: Placing additional elements for S64
DEBUG: board_modifier.py:107: Getting S64 footprint position: (50006250, 123825000)
DEBUG: board_modifier.py:84: Searching for optional ST64 footprint in C:\Users\mihra\OneDrive\Documents\KBoard\KBoard.kicad_pcb
DEBUG: board_modifier.py:89: Footprint not found
DEBUG: key_placer.py:854: Placing additional elements for S63
DEBUG: board_modifier.py:107: Getting S63 footprint position: (292893750, 104775000)
DEBUG: board_modifier.py:84: Searching for optional ST63 footprint in C:\Users\mihra\OneDrive\Documents\KBoard\KBoard.kicad_pcb
DEBUG: board_modifier.py:89: Footprint not found
DEBUG: key_placer.py:854: Placing additional elements for S62
DEBUG: board_modifier.py:107: Getting S62 footprint position: (261937500, 104775000)
DEBUG: board_modifier.py:84: Searching for optional ST62 footprint in C:\Users\mihra\OneDrive\Documents\KBoard\KBoard.kicad_pcb
DEBUG: board_modifier.py:89: Footprint not found
DEBUG: key_placer.py:854: Placing additional elements for S61
DEBUG: board_modifier.py:107: Getting S61 footprint position: (242887500, 104775000)
DEBUG: board_modifier.py:84: Searching for optional ST61 footprint in C:\Users\mihra\OneDrive\Documents\KBoard\KBoard.kicad_pcb
DEBUG: board_modifier.py:89: Footprint not found
DEBUG: key_placer.py:854: Placing additional elements for S60
DEBUG: board_modifier.py:107: Getting S60 footprint position: (223837500, 104775000)
DEBUG: board_modifier.py:84: Searching for optional ST60 footprint in C:\Users\mihra\OneDrive\Documents\KBoard\KBoard.kicad_pcb
DEBUG: board_modifier.py:89: Footprint not found
DEBUG: key_placer.py:854: Placing additional elements for S59
DEBUG: board_modifier.py:107: Getting S59 footprint position: (204787500, 104775000)
DEBUG: board_modifier.py:84: Searching for optional ST59 footprint in C:\Users\mihra\OneDrive\Documents\KBoard\KBoard.kicad_pcb
DEBUG: board_modifier.py:89: Footprint not found
DEBUG: key_placer.py:854: Placing additional elements for S58
DEBUG: board_modifier.py:107: Getting S58 footprint position: (185737500, 104775000)
DEBUG: board_modifier.py:84: Searching for optional ST58 footprint in C:\Users\mihra\OneDrive\Documents\KBoard\KBoard.kicad_pcb
DEBUG: board_modifier.py:89: Footprint not found
DEBUG: key_placer.py:854: Placing additional elements for S57
DEBUG: board_modifier.py:107: Getting S57 footprint position: (166687500, 104775000)
DEBUG: board_modifier.py:84: Searching for optional ST57 footprint in C:\Users\mihra\OneDrive\Documents\KBoard\KBoard.kicad_pcb
DEBUG: board_modifier.py:89: Footprint not found
DEBUG: key_placer.py:854: Placing additional elements for S56
DEBUG: board_modifier.py:107: Getting S56 footprint position: (147637500, 104775000)
DEBUG: board_modifier.py:84: Searching for optional ST56 footprint in C:\Users\mihra\OneDrive\Documents\KBoard\KBoard.kicad_pcb
DEBUG: board_modifier.py:89: Footprint not found
DEBUG: key_placer.py:854: Placing additional elements for S55
DEBUG: board_modifier.py:107: Getting S55 footprint position: (128587500, 104775000)
DEBUG: board_modifier.py:84: Searching for optional ST55 footprint in C:\Users\mihra\OneDrive\Documents\KBoard\KBoard.kicad_pcb
DEBUG: board_modifier.py:89: Footprint not found
DEBUG: key_placer.py:854: Placing additional elements for S54
DEBUG: board_modifier.py:107: Getting S54 footprint position: (109537500, 104775000)
DEBUG: board_modifier.py:84: Searching for optional ST54 footprint in C:\Users\mihra\OneDrive\Documents\KBoard\KBoard.kicad_pcb
DEBUG: board_modifier.py:89: Footprint not found
DEBUG: key_placer.py:854: Placing additional elements for S53
DEBUG: board_modifier.py:107: Getting S53 footprint position: (90487500, 104775000)
DEBUG: board_modifier.py:84: Searching for optional ST53 footprint in C:\Users\mihra\OneDrive\Documents\KBoard\KBoard.kicad_pcb
DEBUG: board_modifier.py:89: Footprint not found
DEBUG: key_placer.py:854: Placing additional elements for S52
DEBUG: board_modifier.py:107: Getting S52 footprint position: (71437500, 104775000)
DEBUG: board_modifier.py:84: Searching for optional ST52 footprint in C:\Users\mihra\OneDrive\Documents\KBoard\KBoard.kicad_pcb
DEBUG: board_modifier.py:89: Footprint not found
DEBUG: key_placer.py:854: Placing additional elements for S51
DEBUG: board_modifier.py:107: Getting S51 footprint position: (45243750, 104775000)
DEBUG: board_modifier.py:84: Searching for optional ST51 footprint in C:\Users\mihra\OneDrive\Documents\KBoard\KBoard.kicad_pcb
DEBUG: board_modifier.py:89: Footprint not found
DEBUG: key_placer.py:854: Placing additional elements for S50
DEBUG: board_modifier.py:107: Getting S50 footprint position: (366712500, 85725000)
DEBUG: board_modifier.py:84: Searching for optional ST50 footprint in C:\Users\mihra\OneDrive\Documents\KBoard\KBoard.kicad_pcb
DEBUG: board_modifier.py:89: Footprint not found
DEBUG: key_placer.py:854: Placing additional elements for S49
DEBUG: board_modifier.py:107: Getting S49 footprint position: (347662500, 85725000)
DEBUG: board_modifier.py:84: Searching for optional ST49 footprint in C:\Users\mihra\OneDrive\Documents\KBoard\KBoard.kicad_pcb
DEBUG: board_modifier.py:89: Footprint not found
DEBUG: key_placer.py:854: Placing additional elements for S48
DEBUG: board_modifier.py:107: Getting S48 footprint position: (328612500, 85725000)
DEBUG: board_modifier.py:84: Searching for optional ST48 footprint in C:\Users\mihra\OneDrive\Documents\KBoard\KBoard.kicad_pcb
DEBUG: board_modifier.py:89: Footprint not found
DEBUG: key_placer.py:854: Placing additional elements for S47
DEBUG: board_modifier.py:107: Getting S47 footprint position: (300037500, 85725000)
DEBUG: board_modifier.py:84: Searching for optional ST47 footprint in C:\Users\mihra\OneDrive\Documents\KBoard\KBoard.kicad_pcb
DEBUG: board_modifier.py:89: Footprint not found
DEBUG: key_placer.py:854: Placing additional elements for S46
DEBUG: board_modifier.py:107: Getting S46 footprint position: (276225000, 85725000)
DEBUG: board_modifier.py:84: Searching for optional ST46 footprint in C:\Users\mihra\OneDrive\Documents\KBoard\KBoard.kicad_pcb
DEBUG: board_modifier.py:89: Footprint not found
DEBUG: key_placer.py:854: Placing additional elements for S45
DEBUG: board_modifier.py:107: Getting S45 footprint position: (257175000, 85725000)
DEBUG: board_modifier.py:84: Searching for optional ST45 footprint in C:\Users\mihra\OneDrive\Documents\KBoard\KBoard.kicad_pcb
DEBUG: board_modifier.py:89: Footprint not found
DEBUG: key_placer.py:854: Placing additional elements for S44
DEBUG: board_modifier.py:107: Getting S44 footprint position: (238125000, 85725000)
DEBUG: board_modifier.py:84: Searching for optional ST44 footprint in C:\Users\mihra\OneDrive\Documents\KBoard\KBoard.kicad_pcb
DEBUG: board_modifier.py:89: Footprint not found
DEBUG: key_placer.py:854: Placing additional elements for S43
DEBUG: board_modifier.py:107: Getting S43 footprint position: (219075000, 85725000)
DEBUG: board_modifier.py:84: Searching for optional ST43 footprint in C:\Users\mihra\OneDrive\Documents\KBoard\KBoard.kicad_pcb
DEBUG: board_modifier.py:89: Footprint not found
DEBUG: key_placer.py:854: Placing additional elements for S42
DEBUG: board_modifier.py:107: Getting S42 footprint position: (200025000, 85725000)
DEBUG: board_modifier.py:84: Searching for optional ST42 footprint in C:\Users\mihra\OneDrive\Documents\KBoard\KBoard.kicad_pcb
DEBUG: board_modifier.py:89: Footprint not found
DEBUG: key_placer.py:854: Placing additional elements for S41
DEBUG: board_modifier.py:107: Getting S41 footprint position: (180975000, 85725000)
DEBUG: board_modifier.py:84: Searching for optional ST41 footprint in C:\Users\mihra\OneDrive\Documents\KBoard\KBoard.kicad_pcb
DEBUG: board_modifier.py:89: Footprint not found
DEBUG: key_placer.py:854: Placing additional elements for S40
DEBUG: board_modifier.py:107: Getting S40 footprint position: (161925000, 85725000)
DEBUG: board_modifier.py:84: Searching for optional ST40 footprint in C:\Users\mihra\OneDrive\Documents\KBoard\KBoard.kicad_pcb
DEBUG: board_modifier.py:89: Footprint not found
DEBUG: key_placer.py:854: Placing additional elements for S39
DEBUG: board_modifier.py:107: Getting S39 footprint position: (142875000, 85725000)
DEBUG: board_modifier.py:84: Searching for optional ST39 footprint in C:\Users\mihra\OneDrive\Documents\KBoard\KBoard.kicad_pcb
DEBUG: board_modifier.py:89: Footprint not found
DEBUG: key_placer.py:854: Placing additional elements for S38
DEBUG: board_modifier.py:107: Getting S38 footprint position: (123825000, 85725000)
DEBUG: board_modifier.py:84: Searching for optional ST38 footprint in C:\Users\mihra\OneDrive\Documents\KBoard\KBoard.kicad_pcb
DEBUG: board_modifier.py:89: Footprint not found
DEBUG: key_placer.py:854: Placing additional elements for S37
DEBUG: board_modifier.py:107: Getting S37 footprint position: (104775000, 85725000)
DEBUG: board_modifier.py:84: Searching for optional ST37 footprint in C:\Users\mihra\OneDrive\Documents\KBoard\KBoard.kicad_pcb
DEBUG: board_modifier.py:89: Footprint not found
DEBUG: key_placer.py:854: Placing additional elements for S36
DEBUG: board_modifier.py:107: Getting S36 footprint position: (85725000, 85725000)
DEBUG: board_modifier.py:84: Searching for optional ST36 footprint in C:\Users\mihra\OneDrive\Documents\KBoard\KBoard.kicad_pcb
DEBUG: board_modifier.py:89: Footprint not found
DEBUG: key_placer.py:854: Placing additional elements for S35
DEBUG: board_modifier.py:107: Getting S35 footprint position: (66675000, 85725000)
DEBUG: board_modifier.py:84: Searching for optional ST35 footprint in C:\Users\mihra\OneDrive\Documents\KBoard\KBoard.kicad_pcb
DEBUG: board_modifier.py:89: Footprint not found
DEBUG: key_placer.py:854: Placing additional elements for S34
DEBUG: board_modifier.py:107: Getting S34 footprint position: (42862500, 85725000)
DEBUG: board_modifier.py:84: Searching for optional ST34 footprint in C:\Users\mihra\OneDrive\Documents\KBoard\KBoard.kicad_pcb
DEBUG: board_modifier.py:89: Footprint not found
DEBUG: key_placer.py:854: Placing additional elements for S33
DEBUG: board_modifier.py:107: Getting S33 footprint position: (366712500, 66675000)
DEBUG: board_modifier.py:84: Searching for optional ST33 footprint in C:\Users\mihra\OneDrive\Documents\KBoard\KBoard.kicad_pcb
DEBUG: board_modifier.py:89: Footprint not found
DEBUG: key_placer.py:854: Placing additional elements for S32
DEBUG: board_modifier.py:107: Getting S32 footprint position: (347662500, 66675000)
DEBUG: board_modifier.py:84: Searching for optional ST32 footprint in C:\Users\mihra\OneDrive\Documents\KBoard\KBoard.kicad_pcb
DEBUG: board_modifier.py:89: Footprint not found
DEBUG: key_placer.py:854: Placing additional elements for S31
DEBUG: board_modifier.py:107: Getting S31 footprint position: (328612500, 66675000)
DEBUG: board_modifier.py:84: Searching for optional ST31 footprint in C:\Users\mihra\OneDrive\Documents\KBoard\KBoard.kicad_pcb
DEBUG: board_modifier.py:89: Footprint not found
DEBUG: key_placer.py:854: Placing additional elements for S30
DEBUG: board_modifier.py:107: Getting S30 footprint position: (295275000, 66675000)
DEBUG: board_modifier.py:84: Searching for optional ST30 footprint in C:\Users\mihra\OneDrive\Documents\KBoard\KBoard.kicad_pcb
DEBUG: board_modifier.py:89: Footprint not found
DEBUG: key_placer.py:854: Placing additional elements for S29
DEBUG: board_modifier.py:107: Getting S29 footprint position: (266700000, 66675000)
DEBUG: board_modifier.py:84: Searching for optional ST29 footprint in C:\Users\mihra\OneDrive\Documents\KBoard\KBoard.kicad_pcb
DEBUG: board_modifier.py:89: Footprint not found
DEBUG: key_placer.py:854: Placing additional elements for S28
DEBUG: board_modifier.py:107: Getting S28 footprint position: (247650000, 66675000)
DEBUG: board_modifier.py:84: Searching for optional ST28 footprint in C:\Users\mihra\OneDrive\Documents\KBoard\KBoard.kicad_pcb
DEBUG: board_modifier.py:89: Footprint not found
DEBUG: key_placer.py:854: Placing additional elements for S27
DEBUG: board_modifier.py:107: Getting S27 footprint position: (228600000, 66675000)
DEBUG: board_modifier.py:84: Searching for optional ST27 footprint in C:\Users\mihra\OneDrive\Documents\KBoard\KBoard.kicad_pcb
DEBUG: board_modifier.py:89: Footprint not found
DEBUG: key_placer.py:854: Placing additional elements for S26
DEBUG: board_modifier.py:107: Getting S26 footprint position: (209550000, 66675000)
DEBUG: board_modifier.py:84: Searching for optional ST26 footprint in C:\Users\mihra\OneDrive\Documents\KBoard\KBoard.kicad_pcb
DEBUG: board_modifier.py:89: Footprint not found
DEBUG: key_placer.py:854: Placing additional elements for S25
DEBUG: board_modifier.py:107: Getting S25 footprint position: (190500000, 66675000)
DEBUG: board_modifier.py:84: Searching for optional ST25 footprint in C:\Users\mihra\OneDrive\Documents\KBoard\KBoard.kicad_pcb
DEBUG: board_modifier.py:89: Footprint not found
DEBUG: key_placer.py:854: Placing additional elements for S24
DEBUG: board_modifier.py:107: Getting S24 footprint position: (171450000, 66675000)
DEBUG: board_modifier.py:84: Searching for optional ST24 footprint in C:\Users\mihra\OneDrive\Documents\KBoard\KBoard.kicad_pcb
DEBUG: board_modifier.py:89: Footprint not found
DEBUG: key_placer.py:854: Placing additional elements for S23
DEBUG: board_modifier.py:107: Getting S23 footprint position: (152400000, 66675000)
DEBUG: board_modifier.py:84: Searching for optional ST23 footprint in C:\Users\mihra\OneDrive\Documents\KBoard\KBoard.kicad_pcb
DEBUG: board_modifier.py:89: Footprint not found
DEBUG: key_placer.py:854: Placing additional elements for S22
DEBUG: board_modifier.py:107: Getting S22 footprint position: (133350000, 66675000)
DEBUG: board_modifier.py:84: Searching for optional ST22 footprint in C:\Users\mihra\OneDrive\Documents\KBoard\KBoard.kicad_pcb
DEBUG: board_modifier.py:89: Footprint not found
DEBUG: key_placer.py:854: Placing additional elements for S21
DEBUG: board_modifier.py:107: Getting S21 footprint position: (114300000, 66675000)
DEBUG: board_modifier.py:84: Searching for optional ST21 footprint in C:\Users\mihra\OneDrive\Documents\KBoard\KBoard.kicad_pcb
DEBUG: board_modifier.py:89: Footprint not found
DEBUG: key_placer.py:854: Placing additional elements for S20
DEBUG: board_modifier.py:107: Getting S20 footprint position: (95250000, 66675000)
DEBUG: board_modifier.py:84: Searching for optional ST20 footprint in C:\Users\mihra\OneDrive\Documents\KBoard\KBoard.kicad_pcb
DEBUG: board_modifier.py:89: Footprint not found
DEBUG: key_placer.py:854: Placing additional elements for S19
DEBUG: board_modifier.py:107: Getting S19 footprint position: (76200000, 66675000)
DEBUG: board_modifier.py:84: Searching for optional ST19 footprint in C:\Users\mihra\OneDrive\Documents\KBoard\KBoard.kicad_pcb
DEBUG: board_modifier.py:89: Footprint not found
DEBUG: key_placer.py:854: Placing additional elements for S18
DEBUG: board_modifier.py:107: Getting S18 footprint position: (57150000, 66675000)
DEBUG: board_modifier.py:84: Searching for optional ST18 footprint in C:\Users\mihra\OneDrive\Documents\KBoard\KBoard.kicad_pcb
DEBUG: board_modifier.py:89: Footprint not found
DEBUG: key_placer.py:854: Placing additional elements for S17
DEBUG: board_modifier.py:107: Getting S17 footprint position: (38100000, 66675000)
DEBUG: board_modifier.py:84: Searching for optional ST17 footprint in C:\Users\mihra\OneDrive\Documents\KBoard\KBoard.kicad_pcb
DEBUG: board_modifier.py:89: Footprint not found
DEBUG: key_placer.py:854: Placing additional elements for S16
DEBUG: board_modifier.py:107: Getting S16 footprint position: (366712500, 38100000)
DEBUG: board_modifier.py:84: Searching for optional ST16 footprint in C:\Users\mihra\OneDrive\Documents\KBoard\KBoard.kicad_pcb
DEBUG: board_modifier.py:89: Footprint not found
DEBUG: key_placer.py:854: Placing additional elements for S15
DEBUG: board_modifier.py:107: Getting S15 footprint position: (347662500, 38100000)
DEBUG: board_modifier.py:84: Searching for optional ST15 footprint in C:\Users\mihra\OneDrive\Documents\KBoard\KBoard.kicad_pcb
DEBUG: board_modifier.py:89: Footprint not found
DEBUG: key_placer.py:854: Placing additional elements for S14
DEBUG: board_modifier.py:107: Getting S14 footprint position: (328612500, 38100000)
DEBUG: board_modifier.py:84: Searching for optional ST14 footprint in C:\Users\mihra\OneDrive\Documents\KBoard\KBoard.kicad_pcb
DEBUG: board_modifier.py:89: Footprint not found
DEBUG: key_placer.py:854: Placing additional elements for S13
DEBUG: board_modifier.py:107: Getting S13 footprint position: (304800000, 38100000)
DEBUG: board_modifier.py:84: Searching for optional ST13 footprint in C:\Users\mihra\OneDrive\Documents\KBoard\KBoard.kicad_pcb
DEBUG: board_modifier.py:89: Footprint not found
DEBUG: key_placer.py:854: Placing additional elements for S12
DEBUG: board_modifier.py:107: Getting S12 footprint position: (285750000, 38100000)
DEBUG: board_modifier.py:84: Searching for optional ST12 footprint in C:\Users\mihra\OneDrive\Documents\KBoard\KBoard.kicad_pcb
DEBUG: board_modifier.py:89: Footprint not found
DEBUG: key_placer.py:854: Placing additional elements for S11
DEBUG: board_modifier.py:107: Getting S11 footprint position: (266700000, 38100000)
DEBUG: board_modifier.py:84: Searching for optional ST11 footprint in C:\Users\mihra\OneDrive\Documents\KBoard\KBoard.kicad_pcb
DEBUG: board_modifier.py:89: Footprint not found
DEBUG: key_placer.py:854: Placing additional elements for S10
DEBUG: board_modifier.py:107: Getting S10 footprint position: (247650000, 38100000)
DEBUG: board_modifier.py:84: Searching for optional ST10 footprint in C:\Users\mihra\OneDrive\Documents\KBoard\KBoard.kicad_pcb
DEBUG: board_modifier.py:89: Footprint not found
DEBUG: key_placer.py:854: Placing additional elements for S9
DEBUG: board_modifier.py:107: Getting S9 footprint position: (219075000, 38100000)
DEBUG: board_modifier.py:84: Searching for optional ST9 footprint in C:\Users\mihra\OneDrive\Documents\KBoard\KBoard.kicad_pcb
DEBUG: board_modifier.py:89: Footprint not found
DEBUG: key_placer.py:854: Placing additional elements for S8
DEBUG: board_modifier.py:107: Getting S8 footprint position: (200025000, 38100000)
DEBUG: board_modifier.py:84: Searching for optional ST8 footprint in C:\Users\mihra\OneDrive\Documents\KBoard\KBoard.kicad_pcb
DEBUG: board_modifier.py:89: Footprint not found
DEBUG: key_placer.py:854: Placing additional elements for S7
DEBUG: board_modifier.py:107: Getting S7 footprint position: (180975000, 38100000)
DEBUG: board_modifier.py:84: Searching for optional ST7 footprint in C:\Users\mihra\OneDrive\Documents\KBoard\KBoard.kicad_pcb
DEBUG: board_modifier.py:89: Footprint not found
DEBUG: key_placer.py:854: Placing additional elements for S6
DEBUG: board_modifier.py:107: Getting S6 footprint position: (161925000, 38100000)
DEBUG: board_modifier.py:84: Searching for optional ST6 footprint in C:\Users\mihra\OneDrive\Documents\KBoard\KBoard.kicad_pcb
DEBUG: board_modifier.py:89: Footprint not found
DEBUG: key_placer.py:854: Placing additional elements for S5
DEBUG: board_modifier.py:107: Getting S5 footprint position: (133350000, 38100000)
DEBUG: board_modifier.py:84: Searching for optional ST5 footprint in C:\Users\mihra\OneDrive\Documents\KBoard\KBoard.kicad_pcb
DEBUG: board_modifier.py:89: Footprint not found
DEBUG: key_placer.py:854: Placing additional elements for S4
DEBUG: board_modifier.py:107: Getting S4 footprint position: (114300000, 38100000)
DEBUG: board_modifier.py:84: Searching for optional ST4 footprint in C:\Users\mihra\OneDrive\Documents\KBoard\KBoard.kicad_pcb
DEBUG: board_modifier.py:89: Footprint not found
DEBUG: key_placer.py:854: Placing additional elements for S3
DEBUG: board_modifier.py:107: Getting S3 footprint position: (95250000, 38100000)
DEBUG: board_modifier.py:84: Searching for optional ST3 footprint in C:\Users\mihra\OneDrive\Documents\KBoard\KBoard.kicad_pcb
DEBUG: board_modifier.py:89: Footprint not found
DEBUG: key_placer.py:854: Placing additional elements for S2
DEBUG: board_modifier.py:107: Getting S2 footprint position: (76200000, 38100000)
DEBUG: board_modifier.py:84: Searching for optional ST2 footprint in C:\Users\mihra\OneDrive\Documents\KBoard\KBoard.kicad_pcb
DEBUG: board_modifier.py:89: Footprint not found
DEBUG: key_placer.py:854: Placing additional elements for S1
DEBUG: board_modifier.py:107: Getting S1 footprint position: (38100000, 38100000)
DEBUG: board_modifier.py:84: Searching for optional ST1 footprint in C:\Users\mihra\OneDrive\Documents\KBoard\KBoard.kicad_pcb
DEBUG: board_modifier.py:89: Footprint not found
